[debug] [2024-06-20T11:46:11.666Z] ----------------------------------------------------------------------
[debug] [2024-06-20T11:46:11.668Z] Command:       C:\Program Files\nodejs\node.exe C:\Users\mehedi mehad\AppData\Roaming\npm\node_modules\firebase-tools\lib\bin\firebase.js init
[debug] [2024-06-20T11:46:11.668Z] CLI Version:   13.7.5
[debug] [2024-06-20T11:46:11.669Z] Platform:      win32
[debug] [2024-06-20T11:46:11.669Z] Node Version:  v18.18.2
[debug] [2024-06-20T11:46:11.669Z] Time:          Thu Jun 20 2024 17:46:11 GMT+0600 (Bangladesh Standard Time)
[debug] [2024-06-20T11:46:11.669Z] ----------------------------------------------------------------------
[debug] 
[debug] [2024-06-20T11:46:11.672Z] >>> [apiv2][query] GET https://firebase-public.firebaseio.com/cli.json [none]
[debug] [2024-06-20T11:46:11.702Z] > command requires scopes: ["email","openid","https://www.googleapis.com/auth/cloudplatformprojects.readonly","https://www.googleapis.com/auth/firebase","https://www.googleapis.com/auth/cloud-platform"]
[debug] [2024-06-20T11:46:11.702Z] > authorizing via signed-in user (mdmehedihasanmehad@gmail.com)
[info] 
     ######## #### ########  ######## ########     ###     ######  ########
     ##        ##  ##     ## ##       ##     ##  ##   ##  ##       ##
     ######    ##  ########  ######   ########  #########  ######  ######
     ##        ##  ##    ##  ##       ##     ## ##     ##       ## ##
     ##       #### ##     ## ######## ########  ##     ##  ######  ########

You're about to initialize a Firebase project in this directory:

  C:\NextJs\my-portfolio

Before we get started, keep in mind:

  * You are currently outside your home directory

[debug] [2024-06-20T11:46:12.341Z] <<< [apiv2][status] GET https://firebase-public.firebaseio.com/cli.json 200
[debug] [2024-06-20T11:46:12.341Z] <<< [apiv2][body] GET https://firebase-public.firebaseio.com/cli.json {"cloudBuildErrorAfter":1594252800000,"cloudBuildWarnAfter":1590019200000,"defaultNode10After":1594252800000,"minVersion":"3.0.5","node8DeploysDisabledAfter":1613390400000,"node8RuntimeDisabledAfter":1615809600000,"node8WarnAfter":1600128000000}
